<?xml version="1.0" encoding="UTF-8"?>
<!-- Generated by org.testng.reporters.JUnitReportReporter -->
<testsuite hostname="Gateway-of-India" failures="0" tests="1" name="com.Actitime.Testscripts.CreateCustomer" time="9.913" errors="0" timestamp="2023-07-24T12:36:25 IST" skipped="0">
  <testcase classname="com.Actitime.Testscripts.CreateCustomer" name="createCustomer" time="9.913"/>
  <system-out>
    <![CDATA[database connected 
Browser is laumched successfully
logged in successfully
logged out successfully
Browser closed successfully
database disconnected successfully]]>
  </system-out>
</testsuite> <!-- com.Actitime.Testscripts.CreateCustomer -->
